lun 27 may 2024 03:07:34 CEST : No existe ese código de idioma [Nombre función: regenerarReferencias]
lun 27 may 2024 03:10:19 CEST : No existe ese código de idioma [Nombre función: regenerarReferencias]
lun 27 may 2024 04:04:25 CEST : No existe ese código de idioma [Nombre función: regenerarReferencias]
lun 27 may 2024 04:44:33 CEST : No existe ese código de idioma [Nombre función: regenerarReferencias]
lun 27 may 2024 04:50:13 CEST : No existe ese código de idioma [Nombre función: regenerarReferencias]
lun 27 may 2024 04:50:34 CEST : No existe ese código de idioma [Nombre función: regenerarReferencias]
lun 27 may 2024 04:52:01 CEST : No existe ese código de idioma [Nombre función: regenerarReferencias]
lun 27 may 2024 04:57:13 CEST : No existe ese código de idioma [Nombre función: regenerarReferencias]
lun 27 may 2024 04:58:41 CEST : No existe ese código de idioma [Nombre función: regenerarReferencias]
lun 27 may 2024 16:32:33 CEST : No existe ese código de idioma [Nombre función: regenerarReferencias]
lun 27 may 2024 18:27:38 CEST : No se han encontrado ningún script en los subdirectorios [Nombre función: cargarNuevasReferencias]
lun 27 may 2024 18:27:42 CEST : Opcion no valida. Por favor, seleccione 0 o 1 [Nombre función: volverAlMenuOSalir]
mar 28 may 2024 01:14:59 CEST : No existe ese código de idioma [Nombre función: regenerarReferencias]
mar 28 may 2024 22:41:17 CEST : No se encontraron los ficheros de traducción correspondientes, puede que no estén generados [Nombre función: cambiarIdiomaEnElScript]
mié 29 may 2024 00:46:26 CEST : Opcion no valida. Por favor, seleccione 0 o 1 [Nombre función: volverAlMenuOSalir]
mié 29 may 2024 01:39:18 CEST : Opcion no valida. Por favor, seleccione 0 o 1 [Nombre función: volverAlMenuOSalir]
mié 29 may 2024 01:51:51 CEST : Opcion no valida. Por favor, seleccione 0 o 1 [Nombre función: volverAlMenuOSalir]
mié 29 may 2024 01:58:09 CEST : Opcion no valida. Por favor, seleccione 0 o 1 [Nombre función: volverAlMenuOSalir]
mié 29 may 2024 01:58:10 CEST : Opcion no valida. Por favor, seleccione 0 o 1 [Nombre función: volverAlMenuOSalir]
mié 29 may 2024 01:58:47 CEST : Opcion no valida. Por favor, seleccione 0 o 1 [Nombre función: volverAlMenuOSalir]
mié 29 may 2024 04:41:59 CEST : No existe ese código de idioma [Nombre función: regenerarReferencias]
mié 29 may 2024 11:32:22 CEST : No existe ese código de idioma [Nombre función: regenerarReferencias]
mié 29 may 2024 12:04:05 CEST : Error: Ese codigo de idioma ya existe.\n [Nombre función: crearNuevoFicheroDeAlmacenamiento]
mié 29 may 2024 12:04:12 CEST : Error: Ese codigo de idioma ya existe.\n [Nombre función: crearNuevoFicheroDeAlmacenamiento]
mié 29 may 2024 12:04:18 CEST : Error: Ese codigo de idioma ya existe.\n [Nombre función: crearNuevoFicheroDeAlmacenamiento]
mié 29 may 2024 12:04:20 CEST : Error: Ese codigo de idioma ya existe.\n [Nombre función: crearNuevoFicheroDeAlmacenamiento]
mié 29 may 2024 12:04:34 CEST : Error: Ese codigo de idioma ya existe.\n [Nombre función: crearNuevoFicheroDeAlmacenamiento]
mié 29 may 2024 12:04:37 CEST : Error: Ese codigo de idioma ya existe.\n [Nombre función: crearNuevoFicheroDeAlmacenamiento]
jue 30 may 2024 02:37:35 CEST : No se encontraron los ficheros de traducción correspondientes, puede que no estén generados [Nombre función: cambiarIdiomaEnElScript]
jue 30 may 2024 03:17:06 CEST : No existe ese código de idioma [Nombre función: regenerarReferencias]
jue 30 may 2024 14:41:33 CEST : Referencias regeneradas correctamente tanto en SP como en los demás idiomas [Nombre función: regenerarReferencias]
jue 30 may 2024 14:44:13 CEST : \nReferencias regeneradas correctamente tanto en FR como en los demás idiomas [Nombre función: regenerarReferencias]
jue 30 may 2024 14:45:55 CEST : \nReferencias regeneradas correctamente tanto en sp como en los demás idiomas [Nombre función: regenerarReferencias]
jue 30 may 2024 14:51:43 CEST : Se ha cambiado el idioma del script a FR como en los demás idiomas [Nombre función: cambiarIdiomaEnElScript]
jue 30 may 2024 14:56:10 CEST : Referencias eliminadas y convertidas en comentarios en el script: carpeta1/test.sh [Nombre función: borrarReferencias]
jue 30 may 2024 15:08:29 CEST : Error: Ese codigo de idioma ya existe.\n [Nombre función: crearNuevoFicheroDeAlmacenamiento]
jue 30 may 2024 15:11:13 CEST : Nuevo fichero de almacenamiento de Baby dont hurt me creado [Nombre función: crearNuevoFicheroDeAlmacenamiento]
jue 30 may 2024 15:11:13 CEST : Se ha guardado el idioma Baby dont hurt me con código WH [Nombre función: guardarIdiomaNuevo]
jue 30 may 2024 15:12:37 CEST : No se encontraron los ficheros de traducción correspondientes, puede que no estén generados [Nombre función: cambiarIdiomaEnElScript]
jue 30 may 2024 15:16:37 CEST : No se encontraron los ficheros de traducción correspondientes al codigo de idioma SP, puede que no estén generados [Nombre función: cambiarIdiomaEnElScript]
jue 30 may 2024 15:37:48 CEST : Error -> No se encontraron los ficheros de traducción para el codigo de idioma FR, puede que no estén generados [Nombre función: cambiarIdiomaEnElScript]
jue 30 may 2024 15:40:29 CEST : Error -> No se encontraron los ficheros de traducción para el codigo de idioma SP, puede que no estén generados [Nombre función: cambiarIdiomaEnElScript]
jue 30 may 2024 15:40:34 CEST : Se ha cambiado el idioma del script a WH [Nombre función: cambiarIdiomaEnElScript]
jue 30 may 2024 15:41:48 CEST : Se ha cambiado el idioma del script a WH [Nombre función: cambiarIdiomaEnElScript]
jue 30 may 2024 15:43:55 CEST : Referencias regeneradas correctamente tanto en WH como en los demás idiomas [Nombre función: regenerarReferencias]
jue 30 may 2024 15:44:37 CEST : Referencias eliminadas y convertidas en comentarios en el script: carpeta1/test.sh [Nombre función: borrarReferencias]
jue 30 may 2024 15:45:49 CEST : Se ha cambiado el idioma del script a WH [Nombre función: cambiarIdiomaEnElScript]
jue 30 may 2024 15:47:30 CEST : Se ha cambiado el idioma del script a WH [Nombre función: cambiarIdiomaEnElScript]
jue 30 may 2024 15:49:35 CEST : Las nuevas referencias han sido creadas [Nombre función: leerFicheroYExtraerComentarios]
jue 30 may 2024 15:51:00 CEST : Referencias eliminadas y convertidas en comentarios en el script: carpeta1/test.sh [Nombre función: borrarReferencias]
jue 30 may 2024 15:51:14 CEST : Referencias eliminadas y convertidas en comentarios en el script: carpeta1/test.sh [Nombre función: borrarReferencias]
jue 30 may 2024 15:52:11 CEST : Las nuevas referencias han sido creadas [Nombre función: leerFicheroYExtraerComentarios]
jue 30 may 2024 15:52:46 CEST : Referencias regeneradas correctamente tanto en SP como en los demás idiomas [Nombre función: regenerarReferencias]
jue 30 may 2024 15:53:04 CEST : Las nuevas referencias han sido creadas [Nombre función: leerFicheroYExtraerComentarios]
jue 30 may 2024 15:53:40 CEST : Referencias eliminadas y convertidas en comentarios en el script: carpeta1/test.sh [Nombre función: borrarReferencias]
jue 30 may 2024 15:53:52 CEST : Referencias eliminadas y convertidas en comentarios en el script: carpeta1/test.sh [Nombre función: borrarReferencias]
